1656929322380	geckodriver	INFO	Listening on 127.0.0.1:52177
1656929323700	mozrunner::runner	INFO	Running command: "/usr/bin/firefox" "--marionette" "--remote-debugging-port" "58999" "--remote-allow-hosts" "localhost" "-no-remote" "-profile" "/tmp/rust_mozprofileVQKXAV"
1656929325191	Marionette	INFO	Marionette enabled
1656929325194	Marionette	INFO	Listening on port 33777
WebDriver BiDi listening on ws://localhost:58999
Read port: 33777
1656929325346	RemoteAgent	WARN	TLS certificate errors will be ignored for this session
console.warn: SearchSettings: "get: No settings file exists, new profile?" (new NotFoundError("Could not open the file at /tmp/rust_mozprofileVQKXAV/search.json.mozlz4", (void 0)))
Missing chrome or resource URL: resource://gre/modules/UpdateListener.jsm
Missing chrome or resource URL: resource://gre/modules/UpdateListener.sys.mjs
DevTools listening on ws://localhost:58999/devtools/browser/dd2e02f6-65d6-487e-b489-69b81693e217
1656929335102	Marionette	INFO	Stopped listening on port 33777
Missing chrome or resource URL: resource://gre/modules/UpdateListener.jsm
Missing chrome or resource URL: resource://gre/modules/UpdateListener.sys.mjs
console.error: "Error during quit-application-granted: [Exception... \"File error: Not found\"  nsresult: \"0x80520012 (NS_ERROR_FILE_NOT_FOUND)\"  location: \"JS frame :: resource:///modules/BrowserGlue.jsm :: _onQuitApplicationGranted/tasks< :: line 1996\"  data: no]"
1656929619414	geckodriver	INFO	Listening on 127.0.0.1:33561
1656929620477	mozrunner::runner	INFO	Running command: "/usr/bin/firefox" "--marionette" "--remote-debugging-port" "40775" "--remote-allow-hosts" "localhost" "-no-remote" "-profile" "/tmp/rust_mozprofileV2oDz9"
1656929621388	Marionette	INFO	Marionette enabled
1656929621391	Marionette	INFO	Listening on port 43517
WebDriver BiDi listening on ws://localhost:40775
Read port: 43517
1656929621539	RemoteAgent	WARN	TLS certificate errors will be ignored for this session
console.warn: SearchSettings: "get: No settings file exists, new profile?" (new NotFoundError("Could not open the file at /tmp/rust_mozprofileV2oDz9/search.json.mozlz4", (void 0)))
Missing chrome or resource URL: resource://gre/modules/UpdateListener.jsm
Missing chrome or resource URL: resource://gre/modules/UpdateListener.sys.mjs
DevTools listening on ws://localhost:40775/devtools/browser/2e3e1531-19fb-441c-97bf-954a30b76f2b
1656929630601	Marionette	INFO	Stopped listening on port 43517
Missing chrome or resource URL: resource://gre/modules/UpdateListener.jsm
Missing chrome or resource URL: resource://gre/modules/UpdateListener.sys.mjs
console.error: "Error during quit-application-granted: [Exception... \"File error: Not found\"  nsresult: \"0x80520012 (NS_ERROR_FILE_NOT_FOUND)\"  location: \"JS frame :: resource:///modules/BrowserGlue.jsm :: _onQuitApplicationGranted/tasks< :: line 1996\"  data: no]"
1656929780589	geckodriver	INFO	Listening on 127.0.0.1:57111
1656929781181	mozrunner::runner	INFO	Running command: "/usr/bin/firefox" "--marionette" "--remote-debugging-port" "58005" "--remote-allow-hosts" "localhost" "-no-remote" "-profile" "/tmp/rust_mozprofile7gAQHd"
1656929782100	Marionette	INFO	Marionette enabled
1656929782103	Marionette	INFO	Listening on port 37455
WebDriver BiDi listening on ws://localhost:58005
Read port: 37455
1656929782227	RemoteAgent	WARN	TLS certificate errors will be ignored for this session
console.warn: SearchSettings: "get: No settings file exists, new profile?" (new NotFoundError("Could not open the file at /tmp/rust_mozprofile7gAQHd/search.json.mozlz4", (void 0)))
Missing chrome or resource URL: resource://gre/modules/UpdateListener.jsm
Missing chrome or resource URL: resource://gre/modules/UpdateListener.sys.mjs
DevTools listening on ws://localhost:58005/devtools/browser/0d4f4859-66a9-482b-8ec1-11c52c9a0bab
Missing chrome or resource URL: resource://gre/modules/UpdateListener.jsm
Missing chrome or resource URL: resource://gre/modules/UpdateListener.sys.mjs
console.error: "Error during quit-application-granted: [Exception... \"File error: Not found\"  nsresult: \"0x80520012 (NS_ERROR_FILE_NOT_FOUND)\"  location: \"JS frame :: resource:///modules/BrowserGlue.jsm :: _onQuitApplicationGranted/tasks< :: line 1996\"  data: no]"
1656929787174	Marionette	INFO	Stopped listening on port 37455
console.warn: TopSitesFeed: Failed to fetch data from Contile server: NetworkError when attempting to fetch resource.
1656929957685	geckodriver	INFO	Listening on 127.0.0.1:52923
1656929958215	mozrunner::runner	INFO	Running command: "/usr/bin/firefox" "--marionette" "--remote-debugging-port" "60971" "--remote-allow-hosts" "localhost" "-no-remote" "-profile" "/tmp/rust_mozprofile4Fk03Z"
1656929958812	Marionette	INFO	Marionette enabled
1656929958816	Marionette	INFO	Listening on port 34609
WebDriver BiDi listening on ws://localhost:60971
Read port: 34609
1656929959042	RemoteAgent	WARN	TLS certificate errors will be ignored for this session
console.warn: SearchSettings: "get: No settings file exists, new profile?" (new NotFoundError("Could not open the file at /tmp/rust_mozprofile4Fk03Z/search.json.mozlz4", (void 0)))
Missing chrome or resource URL: resource://gre/modules/UpdateListener.jsm
Missing chrome or resource URL: resource://gre/modules/UpdateListener.sys.mjs
DevTools listening on ws://localhost:60971/devtools/browser/2d3341f6-011b-4873-8b37-a15ac1cf0520
1656929966661	Marionette	INFO	Stopped listening on port 34609
Missing chrome or resource URL: resource://gre/modules/UpdateListener.jsm
Missing chrome or resource URL: resource://gre/modules/UpdateListener.sys.mjs
console.error: "Error during quit-application-granted: [Exception... \"File error: Not found\"  nsresult: \"0x80520012 (NS_ERROR_FILE_NOT_FOUND)\"  location: \"JS frame :: resource:///modules/BrowserGlue.jsm :: _onQuitApplicationGranted/tasks< :: line 1996\"  data: no]"
1656930255958	geckodriver	INFO	Listening on 127.0.0.1:40159
1656930256574	mozrunner::runner	INFO	Running command: "/usr/bin/firefox" "--marionette" "--remote-debugging-port" "39907" "--remote-allow-hosts" "localhost" "-no-remote" "-profile" "/tmp/rust_mozprofile0IyHK0"
1656930257416	Marionette	INFO	Marionette enabled
1656930257420	Marionette	INFO	Listening on port 33795
WebDriver BiDi listening on ws://localhost:39907
Read port: 33795
1656930257531	RemoteAgent	WARN	TLS certificate errors will be ignored for this session
console.warn: SearchSettings: "get: No settings file exists, new profile?" (new NotFoundError("Could not open the file at /tmp/rust_mozprofile0IyHK0/search.json.mozlz4", (void 0)))
Missing chrome or resource URL: resource://gre/modules/UpdateListener.jsm
Missing chrome or resource URL: resource://gre/modules/UpdateListener.sys.mjs
DevTools listening on ws://localhost:39907/devtools/browser/05d73ed4-9466-4b63-bbeb-66dcede81d77
1656930265052	Marionette	INFO	Stopped listening on port 33795
Missing chrome or resource URL: resource://gre/modules/UpdateListener.jsm
Missing chrome or resource URL: resource://gre/modules/UpdateListener.sys.mjs
console.error: "Error during quit-application-granted: [Exception... \"File error: Not found\"  nsresult: \"0x80520012 (NS_ERROR_FILE_NOT_FOUND)\"  location: \"JS frame :: resource:///modules/BrowserGlue.jsm :: _onQuitApplicationGranted/tasks< :: line 1996\"  data: no]"
1656930267637	geckodriver	INFO	Listening on 127.0.0.1:33745
1656930267690	mozrunner::runner	INFO	Running command: "/usr/bin/firefox" "--marionette" "--remote-debugging-port" "60239" "--remote-allow-hosts" "localhost" "-no-remote" "-profile" "/tmp/rust_mozprofileyV2G5Y"
1656930268351	Marionette	INFO	Marionette enabled
1656930268354	Marionette	INFO	Listening on port 34337
WebDriver BiDi listening on ws://localhost:60239
Read port: 34337
1656930268450	RemoteAgent	WARN	TLS certificate errors will be ignored for this session
console.warn: SearchSettings: "get: No settings file exists, new profile?" (new NotFoundError("Could not open the file at /tmp/rust_mozprofileyV2G5Y/search.json.mozlz4", (void 0)))
Missing chrome or resource URL: resource://gre/modules/UpdateListener.jsm
Missing chrome or resource URL: resource://gre/modules/UpdateListener.sys.mjs
DevTools listening on ws://localhost:60239/devtools/browser/e83839d4-cd8f-4d1b-b7b8-cb82021394f5
1656930276186	Marionette	INFO	Stopped listening on port 34337
Missing chrome or resource URL: resource://gre/modules/UpdateListener.jsm
Missing chrome or resource URL: resource://gre/modules/UpdateListener.sys.mjs
console.error: "Error during quit-application-granted: [Exception... \"File error: Not found\"  nsresult: \"0x80520012 (NS_ERROR_FILE_NOT_FOUND)\"  location: \"JS frame :: resource:///modules/BrowserGlue.jsm :: _onQuitApplicationGranted/tasks< :: line 1996\"  data: no]"
1656930284009	geckodriver	INFO	Listening on 127.0.0.1:51471
1656930284162	mozrunner::runner	INFO	Running command: "/usr/bin/firefox" "--marionette" "--remote-debugging-port" "53565" "--remote-allow-hosts" "localhost" "-no-remote" "-profile" "/tmp/rust_mozprofileqtYLtb"
1656930284682	Marionette	INFO	Marionette enabled
1656930284685	Marionette	INFO	Listening on port 34975
WebDriver BiDi listening on ws://localhost:53565
Read port: 34975
1656930284867	RemoteAgent	WARN	TLS certificate errors will be ignored for this session
console.warn: SearchSettings: "get: No settings file exists, new profile?" (new NotFoundError("Could not open the file at /tmp/rust_mozprofileqtYLtb/search.json.mozlz4", (void 0)))
Missing chrome or resource URL: resource://gre/modules/UpdateListener.jsm
Missing chrome or resource URL: resource://gre/modules/UpdateListener.sys.mjs
DevTools listening on ws://localhost:53565/devtools/browser/7ababb41-fcfc-4531-a7c2-7d197896ef5e
1656930292153	Marionette	INFO	Stopped listening on port 34975
Missing chrome or resource URL: resource://gre/modules/UpdateListener.jsm
Missing chrome or resource URL: resource://gre/modules/UpdateListener.sys.mjs
console.error: "Error during quit-application-granted: [Exception... \"File error: Not found\"  nsresult: \"0x80520012 (NS_ERROR_FILE_NOT_FOUND)\"  location: \"JS frame :: resource:///modules/BrowserGlue.jsm :: _onQuitApplicationGranted/tasks< :: line 1996\"  data: no]"
1656930488470	geckodriver	INFO	Listening on 127.0.0.1:50329
1656930488634	mozrunner::runner	INFO	Running command: "/usr/bin/firefox" "--marionette" "user-agent=Mozilla/5.0 (X11; Linux x86_64; rv:102.0) Gecko/20100101 Firefox/102.0" "--remote-debugging-port" "56381" "--remote-allow-hosts" "localhost" "-no-remote" "-profile" "/tmp/rust_mozprofilevkdieH"
1656930489650	Marionette	INFO	Marionette enabled
1656930489653	Marionette	INFO	Listening on port 40569
WebDriver BiDi listening on ws://localhost:56381
Read port: 40569
1656930489786	RemoteAgent	WARN	TLS certificate errors will be ignored for this session
console.warn: SearchSettings: "get: No settings file exists, new profile?" (new NotFoundError("Could not open the file at /tmp/rust_mozprofilevkdieH/search.json.mozlz4", (void 0)))
Missing chrome or resource URL: resource://gre/modules/UpdateListener.jsm
Missing chrome or resource URL: resource://gre/modules/UpdateListener.sys.mjs
DevTools listening on ws://localhost:56381/devtools/browser/51a2ee89-bc36-4c5c-8d00-23f77c92f900
1656930497487	Marionette	INFO	Stopped listening on port 40569
Missing chrome or resource URL: resource://gre/modules/UpdateListener.jsm
Missing chrome or resource URL: resource://gre/modules/UpdateListener.sys.mjs
console.error: "Error during quit-application-granted: [Exception... \"File error: Not found\"  nsresult: \"0x80520012 (NS_ERROR_FILE_NOT_FOUND)\"  location: \"JS frame :: resource:///modules/BrowserGlue.jsm :: _onQuitApplicationGranted/tasks< :: line 1996\"  data: no]"
1656930930589	geckodriver	INFO	Listening on 127.0.0.1:47527
1656930931630	mozrunner::runner	INFO	Running command: "/usr/bin/firefox" "--marionette" "user-agent=Mozilla/5.0 (X11; Linux x86_64; rv:102.0) Gecko/20100101 Firefox/102.0" "--remote-debugging-port" "42871" "--remote-allow-hosts" "localhost" "-no-remote" "-profile" "/tmp/rust_mozprofile6gHUOq"
1656930932618	Marionette	INFO	Marionette enabled
1656930932622	Marionette	INFO	Listening on port 41007
WebDriver BiDi listening on ws://localhost:42871
Read port: 41007
1656930932742	RemoteAgent	WARN	TLS certificate errors will be ignored for this session
console.warn: SearchSettings: "get: No settings file exists, new profile?" (new NotFoundError("Could not open the file at /tmp/rust_mozprofile6gHUOq/search.json.mozlz4", (void 0)))
Missing chrome or resource URL: resource://gre/modules/UpdateListener.jsm
Missing chrome or resource URL: resource://gre/modules/UpdateListener.sys.mjs
DevTools listening on ws://localhost:42871/devtools/browser/225b8283-6a8c-4bcd-90e3-ca6fc3ccf092
1656930940545	Marionette	INFO	Stopped listening on port 41007
Missing chrome or resource URL: resource://gre/modules/UpdateListener.jsm
Missing chrome or resource URL: resource://gre/modules/UpdateListener.sys.mjs
console.error: "Error during quit-application-granted: [Exception... \"File error: Not found\"  nsresult: \"0x80520012 (NS_ERROR_FILE_NOT_FOUND)\"  location: \"JS frame :: resource:///modules/BrowserGlue.jsm :: _onQuitApplicationGranted/tasks< :: line 1996\"  data: no]"
1656930983757	geckodriver	INFO	Listening on 127.0.0.1:56217
1656930983855	mozrunner::runner	INFO	Running command: "/usr/bin/firefox" "--marionette" "user-agent=Mozilla/5.0 (X11; Linux x86_64; rv:102.0) Gecko/20100101 Firefox/102.0" "--remote-debugging-port" "40243" "--remote-allow-hosts" "localhost" "-no-remote" "-profile" "/tmp/rust_mozprofilek5fhWb"
1656930984398	Marionette	INFO	Marionette enabled
1656930984401	Marionette	INFO	Listening on port 38905
WebDriver BiDi listening on ws://localhost:40243
Read port: 38905
1656930984498	RemoteAgent	WARN	TLS certificate errors will be ignored for this session
console.warn: SearchSettings: "get: No settings file exists, new profile?" (new NotFoundError("Could not open the file at /tmp/rust_mozprofilek5fhWb/search.json.mozlz4", (void 0)))
Missing chrome or resource URL: resource://gre/modules/UpdateListener.jsm
Missing chrome or resource URL: resource://gre/modules/UpdateListener.sys.mjs
DevTools listening on ws://localhost:40243/devtools/browser/fccb2034-3e5d-4ca5-8c87-b253b8281448
1656930993103	Marionette	INFO	Stopped listening on port 38905
Missing chrome or resource URL: resource://gre/modules/UpdateListener.jsm
Missing chrome or resource URL: resource://gre/modules/UpdateListener.sys.mjs
console.error: "Error during quit-application-granted: [Exception... \"File error: Not found\"  nsresult: \"0x80520012 (NS_ERROR_FILE_NOT_FOUND)\"  location: \"JS frame :: resource:///modules/BrowserGlue.jsm :: _onQuitApplicationGranted/tasks< :: line 1996\"  data: no]"
1656931000202	geckodriver	INFO	Listening on 127.0.0.1:44087
1656931000249	mozrunner::runner	INFO	Running command: "/usr/bin/firefox" "--marionette" "user-agent=Mozilla/5.0 (X11; Linux x86_64; rv:102.0) Gecko/20100101 Firefox/102.0" "--remote-debugging-port" "53225" "--remote-allow-hosts" "localhost" "-no-remote" "-profile" "/tmp/rust_mozprofileHBTDpn"
1656931000767	Marionette	INFO	Marionette enabled
1656931000770	Marionette	INFO	Listening on port 40813
WebDriver BiDi listening on ws://localhost:53225
Read port: 40813
1656931000968	RemoteAgent	WARN	TLS certificate errors will be ignored for this session
console.warn: SearchSettings: "get: No settings file exists, new profile?" (new NotFoundError("Could not open the file at /tmp/rust_mozprofileHBTDpn/search.json.mozlz4", (void 0)))
Missing chrome or resource URL: resource://gre/modules/UpdateListener.jsm
Missing chrome or resource URL: resource://gre/modules/UpdateListener.sys.mjs
DevTools listening on ws://localhost:53225/devtools/browser/1206e4f9-78f0-461f-a3c5-cd6999de06de
1656931013373	Marionette	INFO	Stopped listening on port 40813
Missing chrome or resource URL: resource://gre/modules/UpdateListener.jsm
Missing chrome or resource URL: resource://gre/modules/UpdateListener.sys.mjs
console.error: "Error during quit-application-granted: [Exception... \"File error: Not found\"  nsresult: \"0x80520012 (NS_ERROR_FILE_NOT_FOUND)\"  location: \"JS frame :: resource:///modules/BrowserGlue.jsm :: _onQuitApplicationGranted/tasks< :: line 1996\"  data: no]"
1656932407692	geckodriver	INFO	Listening on 127.0.0.1:50615
1656932409052	mozrunner::runner	INFO	Running command: "/usr/bin/firefox" "--marionette" "user-agent=HelloWorld" "--remote-debugging-port" "60933" "--remote-allow-hosts" "localhost" "-no-remote" "-profile" "/tmp/rust_mozprofiley8M2ou"
1656932410502	Marionette	INFO	Marionette enabled
1656932410505	Marionette	INFO	Listening on port 38125
WebDriver BiDi listening on ws://localhost:60933
Read port: 38125
1656932410614	RemoteAgent	WARN	TLS certificate errors will be ignored for this session
console.warn: SearchSettings: "get: No settings file exists, new profile?" (new NotFoundError("Could not open the file at /tmp/rust_mozprofiley8M2ou/search.json.mozlz4", (void 0)))
Missing chrome or resource URL: resource://gre/modules/UpdateListener.jsm
Missing chrome or resource URL: resource://gre/modules/UpdateListener.sys.mjs
DevTools listening on ws://localhost:60933/devtools/browser/0f58b2e0-f175-4107-a9b5-126d129a5503
Missing chrome or resource URL: resource://gre/modules/UpdateListener.jsm
Missing chrome or resource URL: resource://gre/modules/UpdateListener.sys.mjs
console.error: "Error during quit-application-granted: [Exception... \"File error: Not found\"  nsresult: \"0x80520012 (NS_ERROR_FILE_NOT_FOUND)\"  location: \"JS frame :: resource:///modules/BrowserGlue.jsm :: _onQuitApplicationGranted/tasks< :: line 1996\"  data: no]"
1656932420144	Marionette	INFO	Stopped listening on port 38125
console.warn: TopSitesFeed: Failed to fetch data from Contile server: NetworkError when attempting to fetch resource.
1656932559248	geckodriver	INFO	Listening on 127.0.0.1:60023
1656932560416	mozrunner::runner	INFO	Running command: "/usr/bin/firefox" "--marionette" "user-agent=HelloWorld" "--remote-debugging-port" "45795" "--remote-allow-hosts" "localhost" "-no-remote" "-profile" "/tmp/rust_mozprofilet7qRFu"
1656932561478	Marionette	INFO	Marionette enabled
1656932561482	Marionette	INFO	Listening on port 38723
WebDriver BiDi listening on ws://localhost:45795
Read port: 38723
1656932561620	RemoteAgent	WARN	TLS certificate errors will be ignored for this session
console.warn: SearchSettings: "get: No settings file exists, new profile?" (new NotFoundError("Could not open the file at /tmp/rust_mozprofilet7qRFu/search.json.mozlz4", (void 0)))
Missing chrome or resource URL: resource://gre/modules/UpdateListener.jsm
Missing chrome or resource URL: resource://gre/modules/UpdateListener.sys.mjs
DevTools listening on ws://localhost:45795/devtools/browser/e1c1b205-e557-430d-9405-6ad0132c6933
1656932574556	Marionette	INFO	Stopped listening on port 38723
Missing chrome or resource URL: resource://gre/modules/UpdateListener.jsm
Missing chrome or resource URL: resource://gre/modules/UpdateListener.sys.mjs
console.error: "Error during quit-application-granted: [Exception... \"File error: Not found\"  nsresult: \"0x80520012 (NS_ERROR_FILE_NOT_FOUND)\"  location: \"JS frame :: resource:///modules/BrowserGlue.jsm :: _onQuitApplicationGranted/tasks< :: line 1996\"  data: no]"
1656932708636	geckodriver	INFO	Listening on 127.0.0.1:44173
1656932709479	mozrunner::runner	INFO	Running command: "/usr/bin/firefox" "--marionette" "user-agent=HelloWorld" "--remote-debugging-port" "44673" "--remote-allow-hosts" "localhost" "-no-remote" "-profile" "/tmp/rust_mozprofilenmGBap"
1656932710440	Marionette	INFO	Marionette enabled
1656932710443	Marionette	INFO	Listening on port 38173
WebDriver BiDi listening on ws://localhost:44673
Read port: 38173
1656932710561	RemoteAgent	WARN	TLS certificate errors will be ignored for this session
console.warn: SearchSettings: "get: No settings file exists, new profile?" (new NotFoundError("Could not open the file at /tmp/rust_mozprofilenmGBap/search.json.mozlz4", (void 0)))
Missing chrome or resource URL: resource://gre/modules/UpdateListener.jsm
Missing chrome or resource URL: resource://gre/modules/UpdateListener.sys.mjs
DevTools listening on ws://localhost:44673/devtools/browser/d44ac964-89a1-4225-80c7-c62a7b17774f
JavaScript warning: https://mc.yandex.ru/metrika/tag.js, line 18: WEBGL_debug_renderer_info is deprecated in Firefox and will be removed. Please use RENDERER.
1656932723602	Marionette	INFO	Stopped listening on port 38173
Missing chrome or resource URL: resource://gre/modules/UpdateListener.jsm
Missing chrome or resource URL: resource://gre/modules/UpdateListener.sys.mjs
console.error: "Error during quit-application-granted: [Exception... \"File error: Not found\"  nsresult: \"0x80520012 (NS_ERROR_FILE_NOT_FOUND)\"  location: \"JS frame :: resource:///modules/BrowserGlue.jsm :: _onQuitApplicationGranted/tasks< :: line 1996\"  data: no]"
1656933015432	geckodriver	INFO	Listening on 127.0.0.1:50927
1656933016552	mozrunner::runner	INFO	Running command: "/usr/bin/firefox" "--marionette" "user-agent=HelloWorld" "--remote-debugging-port" "40427" "--remote-allow-hosts" "localhost" "-no-remote" "-profile" "/tmp/rust_mozprofileWL9dq9"
1656933017870	Marionette	INFO	Marionette enabled
1656933017874	Marionette	INFO	Listening on port 38575
WebDriver BiDi listening on ws://localhost:40427
Read port: 38575
1656933018032	RemoteAgent	WARN	TLS certificate errors will be ignored for this session
console.warn: SearchSettings: "get: No settings file exists, new profile?" (new NotFoundError("Could not open the file at /tmp/rust_mozprofileWL9dq9/search.json.mozlz4", (void 0)))
Missing chrome or resource URL: resource://gre/modules/UpdateListener.jsm
Missing chrome or resource URL: resource://gre/modules/UpdateListener.sys.mjs
DevTools listening on ws://localhost:40427/devtools/browser/8a2ca6d2-8ff5-481f-b24d-13b034f2e60a
1656933031876	Marionette	INFO	Stopped listening on port 38575
Missing chrome or resource URL: resource://gre/modules/UpdateListener.jsm
Missing chrome or resource URL: resource://gre/modules/UpdateListener.sys.mjs
console.error: "Error during quit-application-granted: [Exception... \"File error: Not found\"  nsresult: \"0x80520012 (NS_ERROR_FILE_NOT_FOUND)\"  location: \"JS frame :: resource:///modules/BrowserGlue.jsm :: _onQuitApplicationGranted/tasks< :: line 1996\"  data: no]"
1656933042586	geckodriver	INFO	Listening on 127.0.0.1:55823
1656933042634	mozrunner::runner	INFO	Running command: "/usr/bin/firefox" "--marionette" "user-agent=HelloWorld" "--remote-debugging-port" "41355" "--remote-allow-hosts" "localhost" "-no-remote" "-profile" "/tmp/rust_mozprofilelsYW7E"
1656933043151	Marionette	INFO	Marionette enabled
1656933043154	Marionette	INFO	Listening on port 34233
WebDriver BiDi listening on ws://localhost:41355
Read port: 34233
1656933043337	RemoteAgent	WARN	TLS certificate errors will be ignored for this session
console.warn: SearchSettings: "get: No settings file exists, new profile?" (new NotFoundError("Could not open the file at /tmp/rust_mozprofilelsYW7E/search.json.mozlz4", (void 0)))
Missing chrome or resource URL: resource://gre/modules/UpdateListener.jsm
Missing chrome or resource URL: resource://gre/modules/UpdateListener.sys.mjs
DevTools listening on ws://localhost:41355/devtools/browser/4f561b54-7463-4697-a00c-51cc6f2008bf
1656933057732	Marionette	INFO	Stopped listening on port 34233
Missing chrome or resource URL: resource://gre/modules/UpdateListener.jsm
Missing chrome or resource URL: resource://gre/modules/UpdateListener.sys.mjs
console.error: "Error during quit-application-granted: [Exception... \"File error: Not found\"  nsresult: \"0x80520012 (NS_ERROR_FILE_NOT_FOUND)\"  location: \"JS frame :: resource:///modules/BrowserGlue.jsm :: _onQuitApplicationGranted/tasks< :: line 1996\"  data: no]"
1656933289740	geckodriver	INFO	Listening on 127.0.0.1:34507
1656933291711	mozrunner::runner	INFO	Running command: "/usr/bin/firefox" "--marionette" "user-agent=HelloWorld" "--remote-debugging-port" "49967" "--remote-allow-hosts" "localhost" "-no-remote" "-profile" "/tmp/rust_mozprofileSct2SG"
1656933292916	Marionette	INFO	Marionette enabled
1656933292919	Marionette	INFO	Listening on port 44319
WebDriver BiDi listening on ws://localhost:49967
Read port: 44319
1656933293086	RemoteAgent	WARN	TLS certificate errors will be ignored for this session
console.warn: SearchSettings: "get: No settings file exists, new profile?" (new NotFoundError("Could not open the file at /tmp/rust_mozprofileSct2SG/search.json.mozlz4", (void 0)))
Missing chrome or resource URL: resource://gre/modules/UpdateListener.jsm
Missing chrome or resource URL: resource://gre/modules/UpdateListener.sys.mjs
DevTools listening on ws://localhost:49967/devtools/browser/5ad2c6c4-33b1-4d82-9d68-c397b1ca5d01
JavaScript warning: https://mc.yandex.ru/metrika/tag.js, line 18: WEBGL_debug_renderer_info is deprecated in Firefox and will be removed. Please use RENDERER.
1656933307977	Marionette	INFO	Stopped listening on port 44319
Missing chrome or resource URL: resource://gre/modules/UpdateListener.jsm
Missing chrome or resource URL: resource://gre/modules/UpdateListener.sys.mjs
console.error: "Error during quit-application-granted: [Exception... \"File error: Not found\"  nsresult: \"0x80520012 (NS_ERROR_FILE_NOT_FOUND)\"  location: \"JS frame :: resource:///modules/BrowserGlue.jsm :: _onQuitApplicationGranted/tasks< :: line 1996\"  data: no]"
1656933348913	geckodriver	INFO	Listening on 127.0.0.1:44627
1656933349145	mozrunner::runner	INFO	Running command: "/usr/bin/firefox" "--marionette" "user-agent=HelloWorld" "--remote-debugging-port" "53957" "--remote-allow-hosts" "localhost" "-no-remote" "-profile" "/tmp/rust_mozprofileHo5D94"
1656933349800	Marionette	INFO	Marionette enabled
1656933349805	Marionette	INFO	Listening on port 36007
WebDriver BiDi listening on ws://localhost:53957
Read port: 36007
1656933349933	RemoteAgent	WARN	TLS certificate errors will be ignored for this session
console.warn: SearchSettings: "get: No settings file exists, new profile?" (new NotFoundError("Could not open the file at /tmp/rust_mozprofileHo5D94/search.json.mozlz4", (void 0)))
Missing chrome or resource URL: resource://gre/modules/UpdateListener.jsm
Missing chrome or resource URL: resource://gre/modules/UpdateListener.sys.mjs
DevTools listening on ws://localhost:53957/devtools/browser/dc6c1145-4afc-42de-82f7-ab5384d0ff0b
1656933362951	Marionette	INFO	Stopped listening on port 36007
Missing chrome or resource URL: resource://gre/modules/UpdateListener.jsm
Missing chrome or resource URL: resource://gre/modules/UpdateListener.sys.mjs
console.error: "Error during quit-application-granted: [Exception... \"File error: Not found\"  nsresult: \"0x80520012 (NS_ERROR_FILE_NOT_FOUND)\"  location: \"JS frame :: resource:///modules/BrowserGlue.jsm :: _onQuitApplicationGranted/tasks< :: line 1996\"  data: no]"
1656933375830	geckodriver	INFO	Listening on 127.0.0.1:60875
1656933375943	mozrunner::runner	INFO	Running command: "/usr/bin/firefox" "--marionette" "user-agent=HelloWorld" "--remote-debugging-port" "37589" "--remote-allow-hosts" "localhost" "-no-remote" "-profile" "/tmp/rust_mozprofilet2NazU"
1656933376596	Marionette	INFO	Marionette enabled
1656933376599	Marionette	INFO	Listening on port 40885
WebDriver BiDi listening on ws://localhost:37589
Read port: 40885
1656933376731	RemoteAgent	WARN	TLS certificate errors will be ignored for this session
console.warn: SearchSettings: "get: No settings file exists, new profile?" (new NotFoundError("Could not open the file at /tmp/rust_mozprofilet2NazU/search.json.mozlz4", (void 0)))
Missing chrome or resource URL: resource://gre/modules/UpdateListener.jsm
Missing chrome or resource URL: resource://gre/modules/UpdateListener.sys.mjs
DevTools listening on ws://localhost:37589/devtools/browser/cb0faf34-edaa-4504-a947-0e5ea0789d77
1656933389356	Marionette	INFO	Stopped listening on port 40885
Missing chrome or resource URL: resource://gre/modules/UpdateListener.jsm
Missing chrome or resource URL: resource://gre/modules/UpdateListener.sys.mjs
console.error: "Error during quit-application-granted: [Exception... \"File error: Not found\"  nsresult: \"0x80520012 (NS_ERROR_FILE_NOT_FOUND)\"  location: \"JS frame :: resource:///modules/BrowserGlue.jsm :: _onQuitApplicationGranted/tasks< :: line 1996\"  data: no]"
1656933643730	geckodriver	INFO	Listening on 127.0.0.1:48987
1656933644876	mozrunner::runner	INFO	Running command: "/usr/bin/firefox" "--marionette" "user-agent=HelloWorld" "--remote-debugging-port" "36643" "--remote-allow-hosts" "localhost" "-no-remote" "-profile" "/tmp/rust_mozprofilevJw7pi"
1656933646112	Marionette	INFO	Marionette enabled
1656933646118	Marionette	INFO	Listening on port 43335
WebDriver BiDi listening on ws://localhost:36643
Read port: 43335
1656933646304	RemoteAgent	WARN	TLS certificate errors will be ignored for this session
console.warn: SearchSettings: "get: No settings file exists, new profile?" (new NotFoundError("Could not open the file at /tmp/rust_mozprofilevJw7pi/search.json.mozlz4", (void 0)))
Missing chrome or resource URL: resource://gre/modules/UpdateListener.jsm
Missing chrome or resource URL: resource://gre/modules/UpdateListener.sys.mjs
DevTools listening on ws://localhost:36643/devtools/browser/b20a20b0-d30c-47b3-9bad-7ff0046ed694
1656933660073	Marionette	INFO	Stopped listening on port 43335
Missing chrome or resource URL: resource://gre/modules/UpdateListener.jsm
Missing chrome or resource URL: resource://gre/modules/UpdateListener.sys.mjs
console.error: "Error during quit-application-granted: [Exception... \"File error: Not found\"  nsresult: \"0x80520012 (NS_ERROR_FILE_NOT_FOUND)\"  location: \"JS frame :: resource:///modules/BrowserGlue.jsm :: _onQuitApplicationGranted/tasks< :: line 1996\"  data: no]"
1656933755318	geckodriver	INFO	Listening on 127.0.0.1:51091
1656933755466	mozrunner::runner	INFO	Running command: "/usr/bin/firefox" "--marionette" "user-agent=HelloWorld" "--remote-debugging-port" "40579" "--remote-allow-hosts" "localhost" "-no-remote" "-profile" "/tmp/rust_mozprofileTrtnPk"
1656933756213	Marionette	INFO	Marionette enabled
1656933756216	Marionette	INFO	Listening on port 40579

!!! could not start server on port 40579: [Exception... "Component returned failure code: 0x804b0036 (NS_ERROR_SOCKET_ADDRESS_IN_USE) [nsIServerSocket.init]"  nsresult: "0x804b0036 (NS_ERROR_SOCKET_ADDRESS_IN_USE)"  location: "JS frame :: chrome://remote/content/server/HTTPD.jsm :: _start :: line 577"  data: no]

Read port: 40579
1656933756286	RemoteAgent	ERROR	unable to stop listener: [Exception... "Unexpected error"  nsresult: "0x8000ffff (NS_ERROR_UNEXPECTED)"  location: "JS frame :: chrome://remote/content/server/HTTPD.jsm :: stop :: line 631"  data: no] Stack trace: stop()@HTTPD.jsm:631
#stop()@RemoteAgent.jsm:240
1656933756286	RemoteAgent	ERROR	Unable to start remote agent: : [Exception... "Component is not available"  nsresult: "0x80040111 (NS_ERROR_NOT_AVAILABLE)"  location: "JS frame :: chrome://remote/content/server/HTTPD.jsm :: _start :: line 622"  data: no] Stack trace: _start()@HTTPD.jsm:622
#listen()@RemoteAgent.jsm:218
observe()@RemoteAgent.jsm:354
1656933756328	RemoteAgent	WARN	TLS certificate errors will be ignored for this session
console.warn: SearchSettings: "get: No settings file exists, new profile?" (new NotFoundError("Could not open the file at /tmp/rust_mozprofileTrtnPk/search.json.mozlz4", (void 0)))
Missing chrome or resource URL: resource://gre/modules/UpdateListener.jsm
Missing chrome or resource URL: resource://gre/modules/UpdateListener.sys.mjs
1656933770175	Marionette	INFO	Stopped listening on port 40579
Missing chrome or resource URL: resource://gre/modules/UpdateListener.jsm
Missing chrome or resource URL: resource://gre/modules/UpdateListener.sys.mjs
console.error: "Error during quit-application-granted: [Exception... \"File error: Not found\"  nsresult: \"0x80520012 (NS_ERROR_FILE_NOT_FOUND)\"  location: \"JS frame :: resource:///modules/BrowserGlue.jsm :: _onQuitApplicationGranted/tasks< :: line 1996\"  data: no]"
1656933770244	RemoteAgent	ERROR	unable to stop listener: [Exception... "Unexpected error"  nsresult: "0x8000ffff (NS_ERROR_UNEXPECTED)"  location: "JS frame :: chrome://remote/content/server/HTTPD.jsm :: stop :: line 631"  data: no] Stack trace: stop()@HTTPD.jsm:631
#stop()@RemoteAgent.jsm:240
1656934285965	geckodriver	INFO	Listening on 127.0.0.1:34359
1656934287472	mozrunner::runner	INFO	Running command: "/usr/bin/firefox" "--marionette" "user-agent=HelloWorld" "--remote-debugging-port" "40899" "--remote-allow-hosts" "localhost" "-no-remote" "-profile" "/tmp/rust_mozprofileyZBGkr"
1656934288645	Marionette	INFO	Marionette enabled
1656934288648	Marionette	INFO	Listening on port 37563
WebDriver BiDi listening on ws://localhost:40899
Read port: 37563
1656934288823	RemoteAgent	WARN	TLS certificate errors will be ignored for this session
console.warn: SearchSettings: "get: No settings file exists, new profile?" (new NotFoundError("Could not open the file at /tmp/rust_mozprofileyZBGkr/search.json.mozlz4", (void 0)))
Missing chrome or resource URL: resource://gre/modules/UpdateListener.jsm
Missing chrome or resource URL: resource://gre/modules/UpdateListener.sys.mjs
DevTools listening on ws://localhost:40899/devtools/browser/a3a7c9a9-49eb-4645-b7bc-30fb8cf793ba
1656934303557	Marionette	INFO	Stopped listening on port 37563
Missing chrome or resource URL: resource://gre/modules/UpdateListener.jsm
Missing chrome or resource URL: resource://gre/modules/UpdateListener.sys.mjs
console.error: "Error during quit-application-granted: [Exception... \"File error: Not found\"  nsresult: \"0x80520012 (NS_ERROR_FILE_NOT_FOUND)\"  location: \"JS frame :: resource:///modules/BrowserGlue.jsm :: _onQuitApplicationGranted/tasks< :: line 1996\"  data: no]"
1656934345400	geckodriver	INFO	Listening on 127.0.0.1:35941
1656934345543	mozrunner::runner	INFO	Running command: "/usr/bin/firefox" "--marionette" "user-agent=HelloWorld" "--remote-debugging-port" "56665" "--remote-allow-hosts" "localhost" "-no-remote" "-profile" "/tmp/rust_mozprofileOT9PaO"
1656934346384	Marionette	INFO	Marionette enabled
1656934346388	Marionette	INFO	Listening on port 38553
WebDriver BiDi listening on ws://localhost:56665
Read port: 38553
1656934346564	RemoteAgent	WARN	TLS certificate errors will be ignored for this session
console.warn: SearchSettings: "get: No settings file exists, new profile?" (new NotFoundError("Could not open the file at /tmp/rust_mozprofileOT9PaO/search.json.mozlz4", (void 0)))
Missing chrome or resource URL: resource://gre/modules/UpdateListener.jsm
Missing chrome or resource URL: resource://gre/modules/UpdateListener.sys.mjs
DevTools listening on ws://localhost:56665/devtools/browser/62761d00-2bd1-4406-b018-d013d62e1ea1
1656934360966	Marionette	INFO	Stopped listening on port 38553
Missing chrome or resource URL: resource://gre/modules/UpdateListener.jsm
Missing chrome or resource URL: resource://gre/modules/UpdateListener.sys.mjs
console.error: "Error during quit-application-granted: [Exception... \"File error: Not found\"  nsresult: \"0x80520012 (NS_ERROR_FILE_NOT_FOUND)\"  location: \"JS frame :: resource:///modules/BrowserGlue.jsm :: _onQuitApplicationGranted/tasks< :: line 1996\"  data: no]"
1656939933782	geckodriver	INFO	Listening on 127.0.0.1:41841
1656939933882	mozrunner::runner	INFO	Running command: "/usr/bin/firefox" "--marionette" "user-agent=HelloWorld" "--remote-debugging-port" "51071" "--remote-allow-hosts" "localhost" "-no-remote" "-profile" "/tmp/rust_mozprofileTZIavz"
1656939934416	Marionette	INFO	Marionette enabled
1656939934420	Marionette	INFO	Listening on port 42355
WebDriver BiDi listening on ws://localhost:51071
Read port: 42355
1656939934527	RemoteAgent	WARN	TLS certificate errors will be ignored for this session
console.warn: SearchSettings: "get: No settings file exists, new profile?" (new NotFoundError("Could not open the file at /tmp/rust_mozprofileTZIavz/search.json.mozlz4", (void 0)))
Missing chrome or resource URL: resource://gre/modules/UpdateListener.jsm
Missing chrome or resource URL: resource://gre/modules/UpdateListener.sys.mjs
DevTools listening on ws://localhost:51071/devtools/browser/47de62cb-3033-4520-904e-42acae3cf80d
1656939936639	Marionette	INFO	Stopped listening on port 42355
Missing chrome or resource URL: resource://gre/modules/UpdateListener.jsm
Missing chrome or resource URL: resource://gre/modules/UpdateListener.sys.mjs
console.error: "Error during quit-application-granted: [Exception... \"File error: Not found\"  nsresult: \"0x80520012 (NS_ERROR_FILE_NOT_FOUND)\"  location: \"JS frame :: resource:///modules/BrowserGlue.jsm :: _onQuitApplicationGranted/tasks< :: line 1996\"  data: no]"
1656941258391	geckodriver	INFO	Listening on 127.0.0.1:60991
1656941259518	mozrunner::runner	INFO	Running command: "/usr/bin/firefox" "--marionette" "user-agent=HelloWorld" "--remote-debugging-port" "54769" "--remote-allow-hosts" "localhost" "-no-remote" "-profile" "/tmp/rust_mozprofilexQXuZB"
1656941260413	Marionette	INFO	Marionette enabled
1656941260416	Marionette	INFO	Listening on port 39361
WebDriver BiDi listening on ws://localhost:54769
Read port: 39361
1656941260546	RemoteAgent	WARN	TLS certificate errors will be ignored for this session
console.warn: SearchSettings: "get: No settings file exists, new profile?" (new NotFoundError("Could not open the file at /tmp/rust_mozprofilexQXuZB/search.json.mozlz4", (void 0)))
Missing chrome or resource URL: resource://gre/modules/UpdateListener.jsm
Missing chrome or resource URL: resource://gre/modules/UpdateListener.sys.mjs
DevTools listening on ws://localhost:54769/devtools/browser/7e52baac-9dab-4080-bbcd-23fd2a02d994
1656941263121	Marionette	INFO	Stopped listening on port 39361
Missing chrome or resource URL: resource://gre/modules/UpdateListener.jsm
Missing chrome or resource URL: resource://gre/modules/UpdateListener.sys.mjs
console.error: "Error during quit-application-granted: [Exception... \"File error: Not found\"  nsresult: \"0x80520012 (NS_ERROR_FILE_NOT_FOUND)\"  location: \"JS frame :: resource:///modules/BrowserGlue.jsm :: _onQuitApplicationGranted/tasks< :: line 1996\"  data: no]"
JavaScript error: resource://gre/modules/TerminatorTelemetry.jsm, line 71: AbortError: IOUtils: Shutting down and refusing additional I/O tasks
1657293380441	geckodriver	INFO	Listening on 127.0.0.1:35869
1657447854343	geckodriver	INFO	Listening on 127.0.0.1:41625
1657456286146	geckodriver	INFO	Listening on 127.0.0.1:56021
